c:\users\archie.buck\perforce\l-si-abuck\dev\sandboxes\archie.buck\c++\poker\01-thedeck\solution\solution\debug\vc142.pdb
c:\users\archie.buck\perforce\l-si-abuck\dev\sandboxes\archie.buck\c++\poker\01-thedeck\solution\solution\debug\vc142.idb
c:\users\archie.buck\perforce\l-si-abuck\dev\sandboxes\archie.buck\c++\poker\01-thedeck\solution\solution\debug\solution.obj
c:\users\archie.buck\perforce\l-si-abuck\dev\sandboxes\archie.buck\c++\poker\01-thedeck\solution\solution\debug\deck.obj
c:\users\archie.buck\perforce\l-si-abuck\dev\sandboxes\archie.buck\c++\poker\01-thedeck\solution\solution\debug\card.obj
c:\users\archie.buck\perforce\l-si-abuck\dev\sandboxes\archie.buck\c++\poker\02-thedealer\solution\solution\debug\vc142.pdb
c:\users\archie.buck\perforce\l-si-abuck\dev\sandboxes\archie.buck\c++\poker\02-thedealer\solution\solution\debug\vc142.idb
c:\users\archie.buck\perforce\l-si-abuck\dev\sandboxes\archie.buck\c++\poker\02-thedealer\solution\solution\debug\dealer.obj
c:\users\archie.buck\perforce\l-si-abuck\dev\sandboxes\archie.buck\c++\poker\02-thedealer\solution\solution\debug\card.obj
c:\users\archie.buck\perforce\l-si-abuck\dev\sandboxes\archie.buck\c++\poker\02-thedealer\solution\solution\debug\solution.obj
c:\users\archie.buck\perforce\l-si-abuck\dev\sandboxes\archie.buck\c++\poker\01-thedeck\solution\debug\solution.exe
c:\users\archie.buck\perforce\l-si-abuck\dev\sandboxes\archie.buck\c++\poker\01-thedeck\solution\debug\solution.ilk
c:\users\archie.buck\perforce\l-si-abuck\dev\sandboxes\archie.buck\c++\poker\01-thedeck\solution\debug\solution.pdb
c:\users\archie.buck\perforce\l-si-abuck\dev\sandboxes\archie.buck\c++\poker\02-thedealer\solution\debug\solution.exe
c:\users\archie.buck\perforce\l-si-abuck\dev\sandboxes\archie.buck\c++\poker\02-thedealer\solution\debug\solution.ilk
c:\users\archie.buck\perforce\l-si-abuck\dev\sandboxes\archie.buck\c++\poker\02-thedealer\solution\debug\solution.pdb
c:\users\archie.buck\perforce\l-si-abuck\dev\sandboxes\archie.buck\c++\poker\02-thedealer\solution\solution\debug\deck.obj
c:\users\archie.buck\perforce\l-si-abuck\dev\sandboxes\archie.buck\c++\poker\02-thedealer\solution\solution\debug\solution.tlog\cl.command.1.tlog
c:\users\archie.buck\perforce\l-si-abuck\dev\sandboxes\archie.buck\c++\poker\02-thedealer\solution\solution\debug\solution.tlog\cl.read.1.tlog
c:\users\archie.buck\perforce\l-si-abuck\dev\sandboxes\archie.buck\c++\poker\02-thedealer\solution\solution\debug\solution.tlog\cl.write.1.tlog
c:\users\archie.buck\perforce\l-si-abuck\dev\sandboxes\archie.buck\c++\poker\02-thedealer\solution\solution\debug\solution.tlog\link.command.1.tlog
c:\users\archie.buck\perforce\l-si-abuck\dev\sandboxes\archie.buck\c++\poker\02-thedealer\solution\solution\debug\solution.tlog\link.read.1.tlog
c:\users\archie.buck\perforce\l-si-abuck\dev\sandboxes\archie.buck\c++\poker\02-thedealer\solution\solution\debug\solution.tlog\link.write.1.tlog
